<?xml version="1.0" encoding="UTF-8"?>
<!-- Generated by org.testng.reporters.JUnitXMLReporter -->
<testsuite ignored="0" hostname="LTIN240665" failures="0" tests="4" name="Test" time="375.685" errors="0" timestamp="2024-02-13T16:50:39 IST">
  <testcase classname="TestCases.TC_001_UserVerification" name="Verify_UserVerification" time="24.183"/>
  <testcase classname="TestCases.TC_002_ClickDropdown" name="Verify_Click_Dropdown" time="0.572"/>
  <testcase classname="TestCases.TC_002_ClickDropdown" name="getSubHeader" time="214.829"/>
  <testcase classname="TestCases.TC_003_EthicsandCompliance" name="Verify_Ethicsandcompliance" time="9.79"/>
</testsuite> <!-- Test -->
