<?xml version="1.0" encoding="UTF-8"?>
<testng-results ignored="0" total="4" passed="4" failed="0" skipped="0">
  <reporter-output>
  </reporter-output>
  <suite started-at="2024-02-13T16:44:23 IST" name="Suite" finished-at="2024-02-13T16:50:39 IST" duration-ms="375685">
    <groups>
      <group name="regression">
        <method signature="TC_001_UserVerification.Verify_UserVerification()[pri:1, instance:TestCases.TC_001_UserVerification@3ce1e309]" name="Verify_UserVerification" class="TestCases.TC_001_UserVerification"/>
        <method signature="TC_002_ClickDropdown.Verify_Click_Dropdown()[pri:2, instance:TestCases.TC_002_ClickDropdown@323b36e0]" name="Verify_Click_Dropdown" class="TestCases.TC_002_ClickDropdown"/>
        <method signature="TC_002_ClickDropdown.getSubHeader()[pri:2, instance:TestCases.TC_002_ClickDropdown@323b36e0]" name="getSubHeader" class="TestCases.TC_002_ClickDropdown"/>
      </group> <!-- regression -->
      <group name="sanity">
        <method signature="TC_003_EthicsandCompliance.Verify_Ethicsandcompliance()[pri:3, instance:TestCases.TC_003_EthicsandCompliance@44ebcd03]" name="Verify_Ethicsandcompliance" class="TestCases.TC_003_EthicsandCompliance"/>
      </group> <!-- sanity -->
      <group name="master">
        <method signature="TC_001_UserVerification.Verify_UserVerification()[pri:1, instance:TestCases.TC_001_UserVerification@3ce1e309]" name="Verify_UserVerification" class="TestCases.TC_001_UserVerification"/>
        <method signature="TC_002_ClickDropdown.Verify_Click_Dropdown()[pri:2, instance:TestCases.TC_002_ClickDropdown@323b36e0]" name="Verify_Click_Dropdown" class="TestCases.TC_002_ClickDropdown"/>
        <method signature="TC_002_ClickDropdown.getSubHeader()[pri:2, instance:TestCases.TC_002_ClickDropdown@323b36e0]" name="getSubHeader" class="TestCases.TC_002_ClickDropdown"/>
        <method signature="TC_003_EthicsandCompliance.Verify_Ethicsandcompliance()[pri:3, instance:TestCases.TC_003_EthicsandCompliance@44ebcd03]" name="Verify_Ethicsandcompliance" class="TestCases.TC_003_EthicsandCompliance"/>
      </group> <!-- master -->
    </groups>
    <test started-at="2024-02-13T16:44:23 IST" name="Test" finished-at="2024-02-13T16:50:39 IST" duration-ms="375685">
      <class name="TestCases.TC_001_UserVerification">
        <test-method is-config="true" signature="setup(java.lang.String)[pri:0, instance:TestCases.TC_001_UserVerification@3ce1e309]" started-at="2024-02-13T16:44:24 IST" name="setup" finished-at="2024-02-13T16:45:07 IST" duration-ms="42846" status="PASS">
          <params>
            <param index="0">
              <value>
                <![CDATA[chrome]]>
              </value>
            </param>
          </params>
          <reporter-output>
          </reporter-output>
        </test-method> <!-- setup -->
        <test-method signature="Verify_UserVerification()[pri:1, instance:TestCases.TC_001_UserVerification@3ce1e309]" started-at="2024-02-13T16:45:07 IST" name="Verify_UserVerification" finished-at="2024-02-13T16:45:31 IST" duration-ms="24183" status="PASS">
          <reporter-output>
          </reporter-output>
        </test-method> <!-- Verify_UserVerification -->
        <test-method is-config="true" signature="tearDown()[pri:0, instance:TestCases.TC_001_UserVerification@3ce1e309]" started-at="2024-02-13T16:45:31 IST" name="tearDown" finished-at="2024-02-13T16:45:32 IST" duration-ms="1344" status="PASS">
          <reporter-output>
          </reporter-output>
        </test-method> <!-- tearDown -->
      </class> <!-- TestCases.TC_001_UserVerification -->
      <class name="TestCases.TC_003_EthicsandCompliance">
        <test-method is-config="true" signature="setup(java.lang.String)[pri:0, instance:TestCases.TC_003_EthicsandCompliance@44ebcd03]" started-at="2024-02-13T16:49:47 IST" name="setup" finished-at="2024-02-13T16:50:28 IST" duration-ms="41043" status="PASS">
          <params>
            <param index="0">
              <value>
                <![CDATA[chrome]]>
              </value>
            </param>
          </params>
          <reporter-output>
          </reporter-output>
        </test-method> <!-- setup -->
        <test-method signature="Verify_Ethicsandcompliance()[pri:3, instance:TestCases.TC_003_EthicsandCompliance@44ebcd03]" started-at="2024-02-13T16:50:28 IST" name="Verify_Ethicsandcompliance" finished-at="2024-02-13T16:50:38 IST" duration-ms="9790" status="PASS">
          <reporter-output>
          </reporter-output>
        </test-method> <!-- Verify_Ethicsandcompliance -->
        <test-method is-config="true" signature="tearDown()[pri:0, instance:TestCases.TC_003_EthicsandCompliance@44ebcd03]" started-at="2024-02-13T16:50:38 IST" name="tearDown" finished-at="2024-02-13T16:50:39 IST" duration-ms="1207" status="PASS">
          <reporter-output>
          </reporter-output>
        </test-method> <!-- tearDown -->
      </class> <!-- TestCases.TC_003_EthicsandCompliance -->
      <class name="TestCases.TC_002_ClickDropdown">
        <test-method is-config="true" signature="setup(java.lang.String)[pri:0, instance:TestCases.TC_002_ClickDropdown@323b36e0]" started-at="2024-02-13T16:45:32 IST" name="setup" finished-at="2024-02-13T16:46:10 IST" duration-ms="38288" status="PASS">
          <params>
            <param index="0">
              <value>
                <![CDATA[chrome]]>
              </value>
            </param>
          </params>
          <reporter-output>
          </reporter-output>
        </test-method> <!-- setup -->
        <test-method signature="Verify_Click_Dropdown()[pri:2, instance:TestCases.TC_002_ClickDropdown@323b36e0]" started-at="2024-02-13T16:46:10 IST" name="Verify_Click_Dropdown" finished-at="2024-02-13T16:46:11 IST" duration-ms="572" status="PASS">
          <reporter-output>
          </reporter-output>
        </test-method> <!-- Verify_Click_Dropdown -->
        <test-method signature="getSubHeader()[pri:2, instance:TestCases.TC_002_ClickDropdown@323b36e0]" started-at="2024-02-13T16:46:11 IST" name="getSubHeader" finished-at="2024-02-13T16:49:46 IST" duration-ms="214829" status="PASS">
          <reporter-output>
          </reporter-output>
        </test-method> <!-- getSubHeader -->
        <test-method is-config="true" signature="tearDown()[pri:0, instance:TestCases.TC_002_ClickDropdown@323b36e0]" started-at="2024-02-13T16:49:46 IST" name="tearDown" finished-at="2024-02-13T16:49:47 IST" duration-ms="1097" status="PASS">
          <reporter-output>
          </reporter-output>
        </test-method> <!-- tearDown -->
      </class> <!-- TestCases.TC_002_ClickDropdown -->
    </test> <!-- Test -->
  </suite> <!-- Suite -->
</testng-results>
